<?xml version="1.0" encoding="UTF-8"?>
<testng-results skipped="0" failed="0" total="1" passed="1">
  <reporter-output>
  </reporter-output>
  <suite name="CocCoc Smoke" duration-ms="189282" started-at="2018-03-30T13:42:15Z" finished-at="2018-03-30T13:45:24Z">
    <groups>
    </groups>
    <test name="CocCoc Smoke" duration-ms="189282" started-at="2018-03-30T13:42:15Z" finished-at="2018-03-30T13:45:24Z">
      <class name="browser_Testsuite_GoogleServices.Geolocation">
        <test-method status="PASS" signature="Google_Services_Geolocation_01_02_03()[pri:0, instance:browser_Testsuite_GoogleServices.Geolocation@5d76b067]" name="Google_Services_Geolocation_01_02_03" duration-ms="189270" started-at="2018-03-30T20:42:15Z" finished-at="2018-03-30T20:45:24Z">
          <reporter-output>
          </reporter-output>
        </test-method> <!-- Google_Services_Geolocation_01_02_03 -->
      </class> <!-- browser_Testsuite_GoogleServices.Geolocation -->
    </test> <!-- CocCoc Smoke -->
  </suite> <!-- CocCoc Smoke -->
</testng-results>
